2023-02-13 00:26:49.940  INFO 14072 --- [File Watcher] rtingClassPathChangeChangedEventListener : Restarting due to 1 class path change (0 additions, 0 deletions, 1 modification)
2023-02-13 00:26:50.368  INFO 14072 --- [Thread-5] o.apache.catalina.core.StandardService   : Stopping service [Tomcat]
2023-02-13 00:26:50.404  INFO 14072 --- [Thread-5] o.a.c.c.C.[.[localhost].[/Kmarket2]      : Destroying Spring FrameworkServlet 'dispatcherServlet'
2023-02-13 00:26:50.487  INFO 14072 --- [Thread-5] j.LocalContainerEntityManagerFactoryBean : Closing JPA EntityManagerFactory for persistence unit 'default'
2023-02-13 00:26:50.534  INFO 14072 --- [Thread-5] com.zaxxer.hikari.HikariDataSource       : HikariPool-1 - Shutdown initiated...
2023-02-13 00:26:50.558  INFO 14072 --- [Thread-5] com.zaxxer.hikari.HikariDataSource       : HikariPool-1 - Shutdown completed.
2023-02-13 00:26:50.885  INFO 14072 --- [restartedMain] kr.co.kmarket2.Kmarket2Application       : Starting Kmarket2Application using Java 17.0.5 on DESK1 with PID 14072 (C:\Users\user\Desktop\Workspace1\Kmarket2\Kmarket2\target\classes started by user in C:\Users\user\Desktop\Workspace1\Kmarket2\Kmarket2)
2023-02-13 00:26:50.885  INFO 14072 --- [restartedMain] kr.co.kmarket2.Kmarket2Application       : No active profile set, falling back to 1 default profile: "default"
2023-02-13 00:26:51.583  INFO 14072 --- [restartedMain] .s.d.r.c.RepositoryConfigurationDelegate : Bootstrapping Spring Data JPA repositories in DEFAULT mode.
2023-02-13 00:26:51.588  INFO 14072 --- [restartedMain] .s.d.r.c.RepositoryConfigurationDelegate : Finished Spring Data repository scanning in 5 ms. Found 0 JPA repository interfaces.
2023-02-13 00:26:51.703  WARN 14072 --- [restartedMain] o.m.s.mapper.ClassPathMapperScanner      : No MyBatis mapper was found in '[kr.co.kmarket2]' package. Please check your configuration.
2023-02-13 00:26:51.862  INFO 14072 --- [restartedMain] o.s.b.w.embedded.tomcat.TomcatWebServer  : Tomcat initialized with port(s): 8181 (http)
2023-02-13 00:26:51.866  INFO 14072 --- [restartedMain] o.apache.catalina.core.StandardService   : Starting service [Tomcat]
2023-02-13 00:26:51.866  INFO 14072 --- [restartedMain] org.apache.catalina.core.StandardEngine  : Starting Servlet engine: [Apache Tomcat/9.0.71]
2023-02-13 00:26:51.904  INFO 14072 --- [restartedMain] o.a.c.c.C.[.[localhost].[/Kmarket2]      : Initializing Spring embedded WebApplicationContext
2023-02-13 00:26:51.904  INFO 14072 --- [restartedMain] w.s.c.ServletWebServerApplicationContext : Root WebApplicationContext: initialization completed in 1006 ms
2023-02-13 00:26:52.022  INFO 14072 --- [restartedMain] o.hibernate.jpa.internal.util.LogHelper  : HHH000204: Processing PersistenceUnitInfo [name: default]
2023-02-13 00:26:52.038  INFO 14072 --- [restartedMain] com.zaxxer.hikari.HikariDataSource       : HikariPool-2 - Starting...
2023-02-13 00:26:52.138  INFO 14072 --- [restartedMain] com.zaxxer.hikari.HikariDataSource       : HikariPool-2 - Start completed.
2023-02-13 00:26:52.140  INFO 14072 --- [restartedMain] org.hibernate.dialect.Dialect            : HHH000400: Using dialect: org.hibernate.dialect.MySQL5InnoDBDialect
2023-02-13 00:26:52.440  INFO 14072 --- [restartedMain] o.h.e.t.j.p.i.JtaPlatformInitiator       : HHH000490: Using JtaPlatform implementation: [org.hibernate.engine.transaction.jta.platform.internal.NoJtaPlatform]
2023-02-13 00:26:52.441  INFO 14072 --- [restartedMain] j.LocalContainerEntityManagerFactoryBean : Initialized JPA EntityManagerFactory for persistence unit 'default'
2023-02-13 00:26:52.477  WARN 14072 --- [restartedMain] JpaBaseConfiguration$JpaWebConfiguration : spring.jpa.open-in-view is enabled by default. Therefore, database queries may be performed during view rendering. Explicitly configure spring.jpa.open-in-view to disable this warning
2023-02-13 00:26:52.605  INFO 14072 --- [restartedMain] o.s.b.a.w.s.WelcomePageHandlerMapping    : Adding welcome page template: index
2023-02-13 00:26:53.314  WARN 14072 --- [restartedMain] .s.s.UserDetailsServiceAutoConfiguration : 

Using generated security password: 988597b2-cccf-4b61-96d8-141b885cab5a

This generated password is for development use only. Your security configuration must be updated before running your application in production.

2023-02-13 00:26:53.333  INFO 14072 --- [restartedMain] o.s.s.web.DefaultSecurityFilterChain     : Will secure any request with [org.springframework.security.web.session.DisableEncodeUrlFilter@7882782d, org.springframework.security.web.context.request.async.WebAsyncManagerIntegrationFilter@7e6af93d, org.springframework.security.web.context.SecurityContextPersistenceFilter@419f9e83, org.springframework.security.web.header.HeaderWriterFilter@7a0e660, org.springframework.security.web.csrf.CsrfFilter@5eb8caca, org.springframework.security.web.authentication.logout.LogoutFilter@5d701878, org.springframework.security.web.authentication.UsernamePasswordAuthenticationFilter@207d9bff, org.springframework.security.web.authentication.ui.DefaultLoginPageGeneratingFilter@7b6f693c, org.springframework.security.web.authentication.ui.DefaultLogoutPageGeneratingFilter@3284276c, org.springframework.security.web.authentication.www.BasicAuthenticationFilter@49f094bd, org.springframework.security.web.savedrequest.RequestCacheAwareFilter@6d8c6b47, org.springframework.security.web.servletapi.SecurityContextHolderAwareRequestFilter@6d1f1370, org.springframework.security.web.authentication.AnonymousAuthenticationFilter@7f9c18fd, org.springframework.security.web.session.SessionManagementFilter@5969e1fe, org.springframework.security.web.access.ExceptionTranslationFilter@5f6e6a35, org.springframework.security.web.access.intercept.FilterSecurityInterceptor@4969e0e0]
2023-02-13 00:26:53.345  INFO 14072 --- [restartedMain] o.s.b.d.a.OptionalLiveReloadServer       : LiveReload server is running on port 35729
2023-02-13 00:26:53.366  INFO 14072 --- [restartedMain] o.s.b.w.embedded.tomcat.TomcatWebServer  : Tomcat started on port(s): 8181 (http) with context path '/Kmarket2'
2023-02-13 00:26:53.378  INFO 14072 --- [restartedMain] kr.co.kmarket2.Kmarket2Application       : Started Kmarket2Application in 2.628 seconds (JVM running for 4310.882)
2023-02-13 00:26:53.384  INFO 14072 --- [restartedMain] .ConditionEvaluationDeltaLoggingListener : Condition evaluation unchanged
2023-02-13 00:26:54.235  INFO 14072 --- [http-nio-8181-exec-1] o.a.c.c.C.[.[localhost].[/Kmarket2]      : Initializing Spring DispatcherServlet 'dispatcherServlet'
2023-02-13 00:26:54.236  INFO 14072 --- [http-nio-8181-exec-1] o.s.web.servlet.DispatcherServlet        : Initializing Servlet 'dispatcherServlet'
2023-02-13 00:26:54.237  INFO 14072 --- [http-nio-8181-exec-1] o.s.web.servlet.DispatcherServlet        : Completed initialization in 1 ms
2023-02-13 00:27:28.094  WARN 14072 --- [http-nio-8181-exec-1] .w.s.m.s.DefaultHandlerExceptionResolver : Resolved [org.springframework.web.bind.MissingServletRequestParameterException: Required request parameter 'cate' for method parameter type String is not present]
2023-02-13 01:39:29.336  WARN 14072 --- [http-nio-8181-exec-8] .w.s.m.s.DefaultHandlerExceptionResolver : Resolved [org.springframework.web.bind.MissingServletRequestParameterException: Required request parameter 'cate' for method parameter type String is not present]
2023-02-13 01:40:03.803  WARN 14072 --- [http-nio-8181-exec-10] .w.s.m.s.DefaultHandlerExceptionResolver : Resolved [org.springframework.web.bind.MissingServletRequestParameterException: Required request parameter 'cate' for method parameter type String is not present]
2023-02-13 01:40:04.673  WARN 14072 --- [http-nio-8181-exec-1] .w.s.m.s.DefaultHandlerExceptionResolver : Resolved [org.springframework.web.bind.MissingServletRequestParameterException: Required request parameter 'cate' for method parameter type String is not present]
2023-02-13 01:40:05.250  WARN 14072 --- [http-nio-8181-exec-2] .w.s.m.s.DefaultHandlerExceptionResolver : Resolved [org.springframework.web.bind.MissingServletRequestParameterException: Required request parameter 'cate' for method parameter type String is not present]
2023-02-13 01:40:05.464  WARN 14072 --- [http-nio-8181-exec-3] .w.s.m.s.DefaultHandlerExceptionResolver : Resolved [org.springframework.web.bind.MissingServletRequestParameterException: Required request parameter 'cate' for method parameter type String is not present]
2023-02-13 01:40:05.628  WARN 14072 --- [http-nio-8181-exec-4] .w.s.m.s.DefaultHandlerExceptionResolver : Resolved [org.springframework.web.bind.MissingServletRequestParameterException: Required request parameter 'cate' for method parameter type String is not present]
2023-02-13 01:40:05.782  WARN 14072 --- [http-nio-8181-exec-5] .w.s.m.s.DefaultHandlerExceptionResolver : Resolved [org.springframework.web.bind.MissingServletRequestParameterException: Required request parameter 'cate' for method parameter type String is not present]
2023-02-13 01:40:05.905  WARN 14072 --- [http-nio-8181-exec-6] .w.s.m.s.DefaultHandlerExceptionResolver : Resolved [org.springframework.web.bind.MissingServletRequestParameterException: Required request parameter 'cate' for method parameter type String is not present]
2023-02-13 01:40:06.046  WARN 14072 --- [http-nio-8181-exec-7] .w.s.m.s.DefaultHandlerExceptionResolver : Resolved [org.springframework.web.bind.MissingServletRequestParameterException: Required request parameter 'cate' for method parameter type String is not present]
2023-02-13 01:40:33.057  INFO 14072 --- [http-nio-8181-exec-9] o.apache.coyote.http11.Http11Processor   : Error parsing HTTP request header
 Note: further occurrences of HTTP request parsing errors will be logged at DEBUG level.

java.lang.IllegalArgumentException: Invalid character found in the request target [/Kmarket2/cs/notice/@%7B/cs/notice/list?cate=} ]. The valid characters are defined in RFC 7230 and RFC 3986
	at org.apache.coyote.http11.Http11InputBuffer.parseRequestLine(Http11InputBuffer.java:494) ~[tomcat-embed-core-9.0.71.jar:9.0.71]
	at org.apache.coyote.http11.Http11Processor.service(Http11Processor.java:271) ~[tomcat-embed-core-9.0.71.jar:9.0.71]
	at org.apache.coyote.AbstractProcessorLight.process(AbstractProcessorLight.java:65) ~[tomcat-embed-core-9.0.71.jar:9.0.71]
	at org.apache.coyote.AbstractProtocol$ConnectionHandler.process(AbstractProtocol.java:891) ~[tomcat-embed-core-9.0.71.jar:9.0.71]
	at org.apache.tomcat.util.net.NioEndpoint$SocketProcessor.doRun(NioEndpoint.java:1784) ~[tomcat-embed-core-9.0.71.jar:9.0.71]
	at org.apache.tomcat.util.net.SocketProcessorBase.run(SocketProcessorBase.java:49) ~[tomcat-embed-core-9.0.71.jar:9.0.71]
	at org.apache.tomcat.util.threads.ThreadPoolExecutor.runWorker(ThreadPoolExecutor.java:1191) ~[tomcat-embed-core-9.0.71.jar:9.0.71]
	at org.apache.tomcat.util.threads.ThreadPoolExecutor$Worker.run(ThreadPoolExecutor.java:659) ~[tomcat-embed-core-9.0.71.jar:9.0.71]
	at org.apache.tomcat.util.threads.TaskThread$WrappingRunnable.run(TaskThread.java:61) ~[tomcat-embed-core-9.0.71.jar:9.0.71]
	at java.base/java.lang.Thread.run(Thread.java:833) ~[na:na]

2023-02-13 01:42:55.239  INFO 14072 --- [File Watcher] rtingClassPathChangeChangedEventListener : Restarting due to 1 class path change (0 additions, 0 deletions, 1 modification)
2023-02-13 01:42:55.257  INFO 14072 --- [Thread-7] o.apache.catalina.core.StandardService   : Stopping service [Tomcat]
2023-02-13 01:42:55.259  INFO 14072 --- [Thread-7] o.a.c.c.C.[.[localhost].[/Kmarket2]      : Destroying Spring FrameworkServlet 'dispatcherServlet'
2023-02-13 01:42:55.283  INFO 14072 --- [Thread-7] j.LocalContainerEntityManagerFactoryBean : Closing JPA EntityManagerFactory for persistence unit 'default'
2023-02-13 01:42:55.286  INFO 14072 --- [Thread-7] com.zaxxer.hikari.HikariDataSource       : HikariPool-2 - Shutdown initiated...
2023-02-13 01:42:55.287  INFO 14072 --- [Thread-7] com.zaxxer.hikari.HikariDataSource       : HikariPool-2 - Shutdown completed.
2023-02-13 01:42:55.398  INFO 14072 --- [restartedMain] kr.co.kmarket2.Kmarket2Application       : Starting Kmarket2Application using Java 17.0.5 on DESK1 with PID 14072 (C:\Users\user\Desktop\Workspace1\Kmarket2\Kmarket2\target\classes started by user in C:\Users\user\Desktop\Workspace1\Kmarket2\Kmarket2)
2023-02-13 01:42:55.399  INFO 14072 --- [restartedMain] kr.co.kmarket2.Kmarket2Application       : No active profile set, falling back to 1 default profile: "default"
2023-02-13 01:42:55.738  INFO 14072 --- [restartedMain] .s.d.r.c.RepositoryConfigurationDelegate : Bootstrapping Spring Data JPA repositories in DEFAULT mode.
2023-02-13 01:42:55.740  INFO 14072 --- [restartedMain] .s.d.r.c.RepositoryConfigurationDelegate : Finished Spring Data repository scanning in 2 ms. Found 0 JPA repository interfaces.
2023-02-13 01:42:55.779  WARN 14072 --- [restartedMain] o.m.s.mapper.ClassPathMapperScanner      : No MyBatis mapper was found in '[kr.co.kmarket2]' package. Please check your configuration.
2023-02-13 01:42:55.839  INFO 14072 --- [restartedMain] o.s.b.w.embedded.tomcat.TomcatWebServer  : Tomcat initialized with port(s): 8181 (http)
2023-02-13 01:42:55.840  INFO 14072 --- [restartedMain] o.apache.catalina.core.StandardService   : Starting service [Tomcat]
2023-02-13 01:42:55.840  INFO 14072 --- [restartedMain] org.apache.catalina.core.StandardEngine  : Starting Servlet engine: [Apache Tomcat/9.0.71]
2023-02-13 01:42:55.855  INFO 14072 --- [restartedMain] o.a.c.c.C.[.[localhost].[/Kmarket2]      : Initializing Spring embedded WebApplicationContext
2023-02-13 01:42:55.855  INFO 14072 --- [restartedMain] w.s.c.ServletWebServerApplicationContext : Root WebApplicationContext: initialization completed in 452 ms
2023-02-13 01:42:55.891  INFO 14072 --- [restartedMain] o.hibernate.jpa.internal.util.LogHelper  : HHH000204: Processing PersistenceUnitInfo [name: default]
2023-02-13 01:42:55.900  INFO 14072 --- [restartedMain] com.zaxxer.hikari.HikariDataSource       : HikariPool-3 - Starting...
2023-02-13 01:42:56.001  INFO 14072 --- [restartedMain] com.zaxxer.hikari.HikariDataSource       : HikariPool-3 - Start completed.
2023-02-13 01:42:56.004  INFO 14072 --- [restartedMain] org.hibernate.dialect.Dialect            : HHH000400: Using dialect: org.hibernate.dialect.MySQL5InnoDBDialect
2023-02-13 01:42:56.319  INFO 14072 --- [restartedMain] o.h.e.t.j.p.i.JtaPlatformInitiator       : HHH000490: Using JtaPlatform implementation: [org.hibernate.engine.transaction.jta.platform.internal.NoJtaPlatform]
2023-02-13 01:42:56.320  INFO 14072 --- [restartedMain] j.LocalContainerEntityManagerFactoryBean : Initialized JPA EntityManagerFactory for persistence unit 'default'
2023-02-13 01:42:56.341  WARN 14072 --- [restartedMain] JpaBaseConfiguration$JpaWebConfiguration : spring.jpa.open-in-view is enabled by default. Therefore, database queries may be performed during view rendering. Explicitly configure spring.jpa.open-in-view to disable this warning
2023-02-13 01:42:56.393  INFO 14072 --- [restartedMain] o.s.b.a.w.s.WelcomePageHandlerMapping    : Adding welcome page template: index
2023-02-13 01:42:56.515  WARN 14072 --- [restartedMain] .s.s.UserDetailsServiceAutoConfiguration : 

Using generated security password: aabd8d39-8493-40c8-8a29-420a1b938621

This generated password is for development use only. Your security configuration must be updated before running your application in production.

2023-02-13 01:42:56.530  INFO 14072 --- [restartedMain] o.s.s.web.DefaultSecurityFilterChain     : Will secure any request with [org.springframework.security.web.session.DisableEncodeUrlFilter@6bcc3006, org.springframework.security.web.context.request.async.WebAsyncManagerIntegrationFilter@6f05666b, org.springframework.security.web.context.SecurityContextPersistenceFilter@476cebed, org.springframework.security.web.header.HeaderWriterFilter@1cc35bf1, org.springframework.security.web.csrf.CsrfFilter@284626d5, org.springframework.security.web.authentication.logout.LogoutFilter@75485427, org.springframework.security.web.authentication.UsernamePasswordAuthenticationFilter@5d5d41ed, org.springframework.security.web.authentication.ui.DefaultLoginPageGeneratingFilter@72e3543, org.springframework.security.web.authentication.ui.DefaultLogoutPageGeneratingFilter@58e0104f, org.springframework.security.web.authentication.www.BasicAuthenticationFilter@76f86e83, org.springframework.security.web.savedrequest.RequestCacheAwareFilter@77b4a27a, org.springframework.security.web.servletapi.SecurityContextHolderAwareRequestFilter@71ae63ae, org.springframework.security.web.authentication.AnonymousAuthenticationFilter@6dd9f1a6, org.springframework.security.web.session.SessionManagementFilter@5e051e76, org.springframework.security.web.access.ExceptionTranslationFilter@16631d3, org.springframework.security.web.access.intercept.FilterSecurityInterceptor@48f98682]
2023-02-13 01:42:56.551  INFO 14072 --- [restartedMain] o.s.b.d.a.OptionalLiveReloadServer       : LiveReload server is running on port 35729
2023-02-13 01:42:56.570  INFO 14072 --- [restartedMain] o.s.b.w.embedded.tomcat.TomcatWebServer  : Tomcat started on port(s): 8181 (http) with context path '/Kmarket2'
2023-02-13 01:42:56.577  INFO 14072 --- [restartedMain] kr.co.kmarket2.Kmarket2Application       : Started Kmarket2Application in 1.216 seconds (JVM running for 8874.082)
2023-02-13 01:42:56.580  INFO 14072 --- [restartedMain] .ConditionEvaluationDeltaLoggingListener : Condition evaluation unchanged
2023-02-13 01:42:57.761  INFO 14072 --- [http-nio-8181-exec-1] o.a.c.c.C.[.[localhost].[/Kmarket2]      : Initializing Spring DispatcherServlet 'dispatcherServlet'
2023-02-13 01:42:57.762  INFO 14072 --- [http-nio-8181-exec-1] o.s.web.servlet.DispatcherServlet        : Initializing Servlet 'dispatcherServlet'
2023-02-13 01:42:57.764  INFO 14072 --- [http-nio-8181-exec-1] o.s.web.servlet.DispatcherServlet        : Completed initialization in 2 ms
2023-02-13 01:42:58.016  INFO 14072 --- [File Watcher] rtingClassPathChangeChangedEventListener : Restarting due to 1 class path change (0 additions, 0 deletions, 1 modification)
2023-02-13 01:42:58.064  INFO 14072 --- [Thread-11] o.apache.catalina.core.StandardService   : Stopping service [Tomcat]
2023-02-13 01:42:58.065  INFO 14072 --- [Thread-11] o.a.c.c.C.[.[localhost].[/Kmarket2]      : Destroying Spring FrameworkServlet 'dispatcherServlet'
2023-02-13 01:42:58.076  INFO 14072 --- [Thread-11] j.LocalContainerEntityManagerFactoryBean : Closing JPA EntityManagerFactory for persistence unit 'default'
2023-02-13 01:42:58.077  INFO 14072 --- [Thread-11] com.zaxxer.hikari.HikariDataSource       : HikariPool-3 - Shutdown initiated...
2023-02-13 01:42:58.081  INFO 14072 --- [Thread-11] com.zaxxer.hikari.HikariDataSource       : HikariPool-3 - Shutdown completed.
2023-02-13 01:42:58.154  INFO 14072 --- [restartedMain] kr.co.kmarket2.Kmarket2Application       : Starting Kmarket2Application using Java 17.0.5 on DESK1 with PID 14072 (C:\Users\user\Desktop\Workspace1\Kmarket2\Kmarket2\target\classes started by user in C:\Users\user\Desktop\Workspace1\Kmarket2\Kmarket2)
2023-02-13 01:42:58.154  INFO 14072 --- [restartedMain] kr.co.kmarket2.Kmarket2Application       : No active profile set, falling back to 1 default profile: "default"
2023-02-13 01:42:58.291  INFO 14072 --- [restartedMain] .s.d.r.c.RepositoryConfigurationDelegate : Bootstrapping Spring Data JPA repositories in DEFAULT mode.
2023-02-13 01:42:58.293  INFO 14072 --- [restartedMain] .s.d.r.c.RepositoryConfigurationDelegate : Finished Spring Data repository scanning in 1 ms. Found 0 JPA repository interfaces.
2023-02-13 01:42:58.323  WARN 14072 --- [restartedMain] o.m.s.mapper.ClassPathMapperScanner      : No MyBatis mapper was found in '[kr.co.kmarket2]' package. Please check your configuration.
2023-02-13 01:42:58.359  INFO 14072 --- [restartedMain] o.s.b.w.embedded.tomcat.TomcatWebServer  : Tomcat initialized with port(s): 8181 (http)
2023-02-13 01:42:58.360  INFO 14072 --- [restartedMain] o.apache.catalina.core.StandardService   : Starting service [Tomcat]
2023-02-13 01:42:58.360  INFO 14072 --- [restartedMain] org.apache.catalina.core.StandardEngine  : Starting Servlet engine: [Apache Tomcat/9.0.71]
2023-02-13 01:42:58.373  INFO 14072 --- [restartedMain] o.a.c.c.C.[.[localhost].[/Kmarket2]      : Initializing Spring embedded WebApplicationContext
2023-02-13 01:42:58.373  INFO 14072 --- [restartedMain] w.s.c.ServletWebServerApplicationContext : Root WebApplicationContext: initialization completed in 216 ms
2023-02-13 01:42:58.406  INFO 14072 --- [restartedMain] o.hibernate.jpa.internal.util.LogHelper  : HHH000204: Processing PersistenceUnitInfo [name: default]
2023-02-13 01:42:58.412  INFO 14072 --- [restartedMain] com.zaxxer.hikari.HikariDataSource       : HikariPool-4 - Starting...
2023-02-13 01:42:58.501  INFO 14072 --- [restartedMain] com.zaxxer.hikari.HikariDataSource       : HikariPool-4 - Start completed.
2023-02-13 01:42:58.502  INFO 14072 --- [restartedMain] org.hibernate.dialect.Dialect            : HHH000400: Using dialect: org.hibernate.dialect.MySQL5InnoDBDialect
2023-02-13 01:42:58.681  INFO 14072 --- [restartedMain] o.h.e.t.j.p.i.JtaPlatformInitiator       : HHH000490: Using JtaPlatform implementation: [org.hibernate.engine.transaction.jta.platform.internal.NoJtaPlatform]
2023-02-13 01:42:58.682  INFO 14072 --- [restartedMain] j.LocalContainerEntityManagerFactoryBean : Initialized JPA EntityManagerFactory for persistence unit 'default'
2023-02-13 01:42:58.698  WARN 14072 --- [restartedMain] JpaBaseConfiguration$JpaWebConfiguration : spring.jpa.open-in-view is enabled by default. Therefore, database queries may be performed during view rendering. Explicitly configure spring.jpa.open-in-view to disable this warning
2023-02-13 01:42:58.732  INFO 14072 --- [restartedMain] o.s.b.a.w.s.WelcomePageHandlerMapping    : Adding welcome page template: index
2023-02-13 01:42:58.799  WARN 14072 --- [restartedMain] .s.s.UserDetailsServiceAutoConfiguration : 

Using generated security password: b6b5cb64-da44-44af-a78c-17c548a33d60

This generated password is for development use only. Your security configuration must be updated before running your application in production.

2023-02-13 01:42:58.809  INFO 14072 --- [restartedMain] o.s.s.web.DefaultSecurityFilterChain     : Will secure any request with [org.springframework.security.web.session.DisableEncodeUrlFilter@26198ac7, org.springframework.security.web.context.request.async.WebAsyncManagerIntegrationFilter@6391c991, org.springframework.security.web.context.SecurityContextPersistenceFilter@767df4f1, org.springframework.security.web.header.HeaderWriterFilter@75da4fbd, org.springframework.security.web.csrf.CsrfFilter@49bcc473, org.springframework.security.web.authentication.logout.LogoutFilter@1fc50867, org.springframework.security.web.authentication.UsernamePasswordAuthenticationFilter@53f2747e, org.springframework.security.web.authentication.ui.DefaultLoginPageGeneratingFilter@7689924, org.springframework.security.web.authentication.ui.DefaultLogoutPageGeneratingFilter@23800019, org.springframework.security.web.authentication.www.BasicAuthenticationFilter@5995197b, org.springframework.security.web.savedrequest.RequestCacheAwareFilter@107223ad, org.springframework.security.web.servletapi.SecurityContextHolderAwareRequestFilter@37f221b9, org.springframework.security.web.authentication.AnonymousAuthenticationFilter@52af8bd3, org.springframework.security.web.session.SessionManagementFilter@594d2cf7, org.springframework.security.web.access.ExceptionTranslationFilter@2328a823, org.springframework.security.web.access.intercept.FilterSecurityInterceptor@ad9f29f]
2023-02-13 01:42:58.816  INFO 14072 --- [restartedMain] o.s.b.d.a.OptionalLiveReloadServer       : LiveReload server is running on port 35729
2023-02-13 01:42:58.828  INFO 14072 --- [restartedMain] o.s.b.w.embedded.tomcat.TomcatWebServer  : Tomcat started on port(s): 8181 (http) with context path '/Kmarket2'
2023-02-13 01:42:58.835  INFO 14072 --- [restartedMain] kr.co.kmarket2.Kmarket2Application       : Started Kmarket2Application in 0.707 seconds (JVM running for 8876.34)
2023-02-13 01:42:58.837  INFO 14072 --- [restartedMain] .ConditionEvaluationDeltaLoggingListener : Condition evaluation unchanged
2023-02-13 01:42:58.880  INFO 14072 --- [http-nio-8181-exec-1] o.a.c.c.C.[.[localhost].[/Kmarket2]      : Initializing Spring DispatcherServlet 'dispatcherServlet'
2023-02-13 01:42:58.881  INFO 14072 --- [http-nio-8181-exec-1] o.s.web.servlet.DispatcherServlet        : Initializing Servlet 'dispatcherServlet'
2023-02-13 01:42:58.882  INFO 14072 --- [http-nio-8181-exec-1] o.s.web.servlet.DispatcherServlet        : Completed initialization in 1 ms
2023-02-13 01:45:20.335  INFO 14500 --- [restartedMain] kr.co.kmarket2.Kmarket2Application       : Starting Kmarket2Application using Java 17.0.5 on DESK1 with PID 14500 (C:\Users\user\Desktop\Workspace1\Kmarket2\Kmarket2\target\classes started by user in C:\Users\user\Desktop\Workspace1\Kmarket2\Kmarket2)
2023-02-13 01:45:20.337  INFO 14500 --- [restartedMain] kr.co.kmarket2.Kmarket2Application       : No active profile set, falling back to 1 default profile: "default"
2023-02-13 01:45:20.394  INFO 14500 --- [restartedMain] .e.DevToolsPropertyDefaultsPostProcessor : Devtools property defaults active! Set 'spring.devtools.add-properties' to 'false' to disable
2023-02-13 01:45:20.394  INFO 14500 --- [restartedMain] .e.DevToolsPropertyDefaultsPostProcessor : For additional web related logging consider setting the 'logging.level.web' property to 'DEBUG'
2023-02-13 01:45:21.136  INFO 14500 --- [restartedMain] .s.d.r.c.RepositoryConfigurationDelegate : Bootstrapping Spring Data JPA repositories in DEFAULT mode.
2023-02-13 01:45:21.151  INFO 14500 --- [restartedMain] .s.d.r.c.RepositoryConfigurationDelegate : Finished Spring Data repository scanning in 6 ms. Found 0 JPA repository interfaces.
2023-02-13 01:45:21.286  WARN 14500 --- [restartedMain] o.m.s.mapper.ClassPathMapperScanner      : No MyBatis mapper was found in '[kr.co.kmarket2]' package. Please check your configuration.
2023-02-13 01:45:21.823  INFO 14500 --- [restartedMain] o.s.b.w.embedded.tomcat.TomcatWebServer  : Tomcat initialized with port(s): 8181 (http)
2023-02-13 01:45:21.836  INFO 14500 --- [restartedMain] o.apache.catalina.core.StandardService   : Starting service [Tomcat]
2023-02-13 01:45:21.836  INFO 14500 --- [restartedMain] org.apache.catalina.core.StandardEngine  : Starting Servlet engine: [Apache Tomcat/9.0.71]
2023-02-13 01:45:21.914  INFO 14500 --- [restartedMain] o.a.c.c.C.[.[localhost].[/Kmarket2]      : Initializing Spring embedded WebApplicationContext
2023-02-13 01:45:21.915  INFO 14500 --- [restartedMain] w.s.c.ServletWebServerApplicationContext : Root WebApplicationContext: initialization completed in 1521 ms
2023-02-13 01:45:22.113  INFO 14500 --- [restartedMain] o.hibernate.jpa.internal.util.LogHelper  : HHH000204: Processing PersistenceUnitInfo [name: default]
2023-02-13 01:45:22.198  INFO 14500 --- [restartedMain] org.hibernate.Version                    : HHH000412: Hibernate ORM core version 5.6.14.Final
2023-02-13 01:45:22.418  INFO 14500 --- [restartedMain] o.hibernate.annotations.common.Version   : HCANN000001: Hibernate Commons Annotations {5.1.2.Final}
2023-02-13 01:45:22.553  INFO 14500 --- [restartedMain] com.zaxxer.hikari.HikariDataSource       : HikariPool-1 - Starting...
2023-02-13 01:45:22.822  INFO 14500 --- [restartedMain] com.zaxxer.hikari.HikariDataSource       : HikariPool-1 - Start completed.
2023-02-13 01:45:22.852  INFO 14500 --- [restartedMain] org.hibernate.dialect.Dialect            : HHH000400: Using dialect: org.hibernate.dialect.MySQL5InnoDBDialect
2023-02-13 01:45:23.676  INFO 14500 --- [restartedMain] o.h.e.t.j.p.i.JtaPlatformInitiator       : HHH000490: Using JtaPlatform implementation: [org.hibernate.engine.transaction.jta.platform.internal.NoJtaPlatform]
2023-02-13 01:45:23.687  INFO 14500 --- [restartedMain] j.LocalContainerEntityManagerFactoryBean : Initialized JPA EntityManagerFactory for persistence unit 'default'
2023-02-13 01:45:23.747  WARN 14500 --- [restartedMain] JpaBaseConfiguration$JpaWebConfiguration : spring.jpa.open-in-view is enabled by default. Therefore, database queries may be performed during view rendering. Explicitly configure spring.jpa.open-in-view to disable this warning
2023-02-13 01:45:23.928  INFO 14500 --- [restartedMain] o.s.b.a.w.s.WelcomePageHandlerMapping    : Adding welcome page template: index
2023-02-13 01:45:24.472  WARN 14500 --- [restartedMain] .s.s.UserDetailsServiceAutoConfiguration : 

Using generated security password: 892cce43-7b91-4244-920f-1e2adb418798

This generated password is for development use only. Your security configuration must be updated before running your application in production.

2023-02-13 01:45:24.688  INFO 14500 --- [restartedMain] o.s.s.web.DefaultSecurityFilterChain     : Will secure any request with [org.springframework.security.web.session.DisableEncodeUrlFilter@57acacdf, org.springframework.security.web.context.request.async.WebAsyncManagerIntegrationFilter@6b07a8e6, org.springframework.security.web.context.SecurityContextPersistenceFilter@45aaf349, org.springframework.security.web.header.HeaderWriterFilter@6bd0bce4, org.springframework.security.web.csrf.CsrfFilter@210da54c, org.springframework.security.web.authentication.logout.LogoutFilter@50c70a3, org.springframework.security.web.authentication.UsernamePasswordAuthenticationFilter@37995588, org.springframework.security.web.authentication.ui.DefaultLoginPageGeneratingFilter@550bd64, org.springframework.security.web.authentication.ui.DefaultLogoutPageGeneratingFilter@4a1ef2c3, org.springframework.security.web.authentication.www.BasicAuthenticationFilter@751921c5, org.springframework.security.web.savedrequest.RequestCacheAwareFilter@37e4a5e1, org.springframework.security.web.servletapi.SecurityContextHolderAwareRequestFilter@648a166f, org.springframework.security.web.authentication.AnonymousAuthenticationFilter@393a1ecb, org.springframework.security.web.session.SessionManagementFilter@780f586d, org.springframework.security.web.access.ExceptionTranslationFilter@1ab85cfb, org.springframework.security.web.access.intercept.FilterSecurityInterceptor@c71d8cd]
2023-02-13 01:45:24.742  WARN 14500 --- [restartedMain] o.s.b.d.a.OptionalLiveReloadServer       : Unable to start LiveReload server
2023-02-13 01:45:24.778  WARN 14500 --- [restartedMain] ConfigServletWebServerApplicationContext : Exception encountered during context initialization - cancelling refresh attempt: org.springframework.context.ApplicationContextException: Failed to start bean 'webServerStartStop'; nested exception is org.springframework.boot.web.server.PortInUseException: Port 8181 is already in use
2023-02-13 01:45:24.784  INFO 14500 --- [restartedMain] j.LocalContainerEntityManagerFactoryBean : Closing JPA EntityManagerFactory for persistence unit 'default'
2023-02-13 01:45:24.788  INFO 14500 --- [restartedMain] com.zaxxer.hikari.HikariDataSource       : HikariPool-1 - Shutdown initiated...
2023-02-13 01:45:24.807  INFO 14500 --- [restartedMain] com.zaxxer.hikari.HikariDataSource       : HikariPool-1 - Shutdown completed.
2023-02-13 01:45:24.810  INFO 14500 --- [restartedMain] o.apache.catalina.core.StandardService   : Stopping service [Tomcat]
2023-02-13 01:45:24.826  INFO 14500 --- [restartedMain] ConditionEvaluationReportLoggingListener : 

Error starting ApplicationContext. To display the conditions report re-run your application with 'debug' enabled.
2023-02-13 01:45:24.854 ERROR 14500 --- [restartedMain] o.s.b.d.LoggingFailureAnalysisReporter   : 

***************************
APPLICATION FAILED TO START
***************************

Description:

Web server failed to start. Port 8181 was already in use.

Action:

Identify and stop the process that's listening on port 8181 or configure this application to listen on another port.

2023-02-13 01:45:36.242  INFO 14072 --- [RMI TCP Connection(165)-127.0.0.1] inMXBeanRegistrar$SpringApplicationAdmin : Application shutdown requested.
2023-02-13 01:45:36.264  INFO 14072 --- [RMI TCP Connection(165)-127.0.0.1] o.apache.catalina.core.StandardService   : Stopping service [Tomcat]
2023-02-13 01:45:36.264  INFO 14072 --- [RMI TCP Connection(165)-127.0.0.1] o.a.c.c.C.[.[localhost].[/Kmarket2]      : Destroying Spring FrameworkServlet 'dispatcherServlet'
2023-02-13 01:45:36.276  INFO 14072 --- [RMI TCP Connection(165)-127.0.0.1] j.LocalContainerEntityManagerFactoryBean : Closing JPA EntityManagerFactory for persistence unit 'default'
2023-02-13 01:45:36.277  INFO 14072 --- [RMI TCP Connection(165)-127.0.0.1] com.zaxxer.hikari.HikariDataSource       : HikariPool-4 - Shutdown initiated...
2023-02-13 01:45:36.279  INFO 14072 --- [RMI TCP Connection(165)-127.0.0.1] com.zaxxer.hikari.HikariDataSource       : HikariPool-4 - Shutdown completed.
2023-02-13 01:45:41.081  INFO 13744 --- [restartedMain] kr.co.kmarket2.Kmarket2Application       : Starting Kmarket2Application using Java 17.0.5 on DESK1 with PID 13744 (C:\Users\user\Desktop\Workspace1\Kmarket2\Kmarket2\target\classes started by user in C:\Users\user\Desktop\Workspace1\Kmarket2\Kmarket2)
2023-02-13 01:45:41.082  INFO 13744 --- [restartedMain] kr.co.kmarket2.Kmarket2Application       : No active profile set, falling back to 1 default profile: "default"
2023-02-13 01:45:41.121  INFO 13744 --- [restartedMain] .e.DevToolsPropertyDefaultsPostProcessor : Devtools property defaults active! Set 'spring.devtools.add-properties' to 'false' to disable
2023-02-13 01:45:41.121  INFO 13744 --- [restartedMain] .e.DevToolsPropertyDefaultsPostProcessor : For additional web related logging consider setting the 'logging.level.web' property to 'DEBUG'
2023-02-13 01:45:41.744  INFO 13744 --- [restartedMain] .s.d.r.c.RepositoryConfigurationDelegate : Bootstrapping Spring Data JPA repositories in DEFAULT mode.
2023-02-13 01:45:41.757  INFO 13744 --- [restartedMain] .s.d.r.c.RepositoryConfigurationDelegate : Finished Spring Data repository scanning in 5 ms. Found 0 JPA repository interfaces.
2023-02-13 01:45:41.875  WARN 13744 --- [restartedMain] o.m.s.mapper.ClassPathMapperScanner      : No MyBatis mapper was found in '[kr.co.kmarket2]' package. Please check your configuration.
2023-02-13 01:45:42.278  INFO 13744 --- [restartedMain] o.s.b.w.embedded.tomcat.TomcatWebServer  : Tomcat initialized with port(s): 8181 (http)
2023-02-13 01:45:42.287  INFO 13744 --- [restartedMain] o.apache.catalina.core.StandardService   : Starting service [Tomcat]
2023-02-13 01:45:42.287  INFO 13744 --- [restartedMain] org.apache.catalina.core.StandardEngine  : Starting Servlet engine: [Apache Tomcat/9.0.71]
2023-02-13 01:45:42.353  INFO 13744 --- [restartedMain] o.a.c.c.C.[.[localhost].[/Kmarket2]      : Initializing Spring embedded WebApplicationContext
2023-02-13 01:45:42.353  INFO 13744 --- [restartedMain] w.s.c.ServletWebServerApplicationContext : Root WebApplicationContext: initialization completed in 1231 ms
2023-02-13 01:45:42.579  INFO 13744 --- [restartedMain] o.hibernate.jpa.internal.util.LogHelper  : HHH000204: Processing PersistenceUnitInfo [name: default]
2023-02-13 01:45:42.625  INFO 13744 --- [restartedMain] org.hibernate.Version                    : HHH000412: Hibernate ORM core version 5.6.14.Final
2023-02-13 01:45:42.758  INFO 13744 --- [restartedMain] o.hibernate.annotations.common.Version   : HCANN000001: Hibernate Commons Annotations {5.1.2.Final}
2023-02-13 01:45:42.834  INFO 13744 --- [restartedMain] com.zaxxer.hikari.HikariDataSource       : HikariPool-1 - Starting...
2023-02-13 01:45:43.040  INFO 13744 --- [restartedMain] com.zaxxer.hikari.HikariDataSource       : HikariPool-1 - Start completed.
2023-02-13 01:45:43.052  INFO 13744 --- [restartedMain] org.hibernate.dialect.Dialect            : HHH000400: Using dialect: org.hibernate.dialect.MySQL5InnoDBDialect
2023-02-13 01:45:43.697  INFO 13744 --- [restartedMain] o.h.e.t.j.p.i.JtaPlatformInitiator       : HHH000490: Using JtaPlatform implementation: [org.hibernate.engine.transaction.jta.platform.internal.NoJtaPlatform]
2023-02-13 01:45:43.709  INFO 13744 --- [restartedMain] j.LocalContainerEntityManagerFactoryBean : Initialized JPA EntityManagerFactory for persistence unit 'default'
2023-02-13 01:45:43.757  WARN 13744 --- [restartedMain] JpaBaseConfiguration$JpaWebConfiguration : spring.jpa.open-in-view is enabled by default. Therefore, database queries may be performed during view rendering. Explicitly configure spring.jpa.open-in-view to disable this warning
2023-02-13 01:45:43.882  INFO 13744 --- [restartedMain] o.s.b.a.w.s.WelcomePageHandlerMapping    : Adding welcome page template: index
2023-02-13 01:45:44.202  WARN 13744 --- [restartedMain] .s.s.UserDetailsServiceAutoConfiguration : 

Using generated security password: 3f5bc3be-8510-4537-bd31-8c013dfb4bc9

This generated password is for development use only. Your security configuration must be updated before running your application in production.

2023-02-13 01:45:44.318  INFO 13744 --- [restartedMain] o.s.s.web.DefaultSecurityFilterChain     : Will secure any request with [org.springframework.security.web.session.DisableEncodeUrlFilter@1ff41613, org.springframework.security.web.context.request.async.WebAsyncManagerIntegrationFilter@2fc2d5af, org.springframework.security.web.context.SecurityContextPersistenceFilter@305f4338, org.springframework.security.web.header.HeaderWriterFilter@1958db3c, org.springframework.security.web.csrf.CsrfFilter@692e88e9, org.springframework.security.web.authentication.logout.LogoutFilter@6ceabe97, org.springframework.security.web.authentication.UsernamePasswordAuthenticationFilter@1d05dd82, org.springframework.security.web.authentication.ui.DefaultLoginPageGeneratingFilter@120cfa43, org.springframework.security.web.authentication.ui.DefaultLogoutPageGeneratingFilter@2c67dfeb, org.springframework.security.web.authentication.www.BasicAuthenticationFilter@736f614, org.springframework.security.web.savedrequest.RequestCacheAwareFilter@2e611449, org.springframework.security.web.servletapi.SecurityContextHolderAwareRequestFilter@56dd2b32, org.springframework.security.web.authentication.AnonymousAuthenticationFilter@3e2db339, org.springframework.security.web.session.SessionManagementFilter@293ca812, org.springframework.security.web.access.ExceptionTranslationFilter@4ad46ec9, org.springframework.security.web.access.intercept.FilterSecurityInterceptor@76a60aeb]
2023-02-13 01:45:44.362  INFO 13744 --- [restartedMain] o.s.b.d.a.OptionalLiveReloadServer       : LiveReload server is running on port 35729
2023-02-13 01:45:44.403  INFO 13744 --- [restartedMain] o.s.b.w.embedded.tomcat.TomcatWebServer  : Tomcat started on port(s): 8181 (http) with context path '/Kmarket2'
2023-02-13 01:45:44.411  INFO 13744 --- [restartedMain] kr.co.kmarket2.Kmarket2Application       : Started Kmarket2Application in 3.632 seconds (JVM running for 4.334)
2023-02-13 01:45:47.895  INFO 13744 --- [http-nio-8181-exec-1] o.a.c.c.C.[.[localhost].[/Kmarket2]      : Initializing Spring DispatcherServlet 'dispatcherServlet'
2023-02-13 01:45:47.895  INFO 13744 --- [http-nio-8181-exec-1] o.s.web.servlet.DispatcherServlet        : Initializing Servlet 'dispatcherServlet'
2023-02-13 01:45:47.896  INFO 13744 --- [http-nio-8181-exec-1] o.s.web.servlet.DispatcherServlet        : Completed initialization in 1 ms
2023-02-13 01:46:50.479  INFO 13744 --- [RMI TCP Connection(8)-127.0.0.1] inMXBeanRegistrar$SpringApplicationAdmin : Application shutdown requested.
2023-02-13 01:46:50.494  INFO 13744 --- [RMI TCP Connection(8)-127.0.0.1] o.apache.catalina.core.StandardService   : Stopping service [Tomcat]
2023-02-13 01:46:50.495  INFO 13744 --- [RMI TCP Connection(8)-127.0.0.1] o.a.c.c.C.[.[localhost].[/Kmarket2]      : Destroying Spring FrameworkServlet 'dispatcherServlet'
2023-02-13 01:46:50.509  INFO 13744 --- [RMI TCP Connection(8)-127.0.0.1] j.LocalContainerEntityManagerFactoryBean : Closing JPA EntityManagerFactory for persistence unit 'default'
2023-02-13 01:46:50.514  INFO 13744 --- [RMI TCP Connection(8)-127.0.0.1] com.zaxxer.hikari.HikariDataSource       : HikariPool-1 - Shutdown initiated...
2023-02-13 01:46:50.528  INFO 13744 --- [RMI TCP Connection(8)-127.0.0.1] com.zaxxer.hikari.HikariDataSource       : HikariPool-1 - Shutdown completed.
2023-02-13 01:48:26.259  INFO 10276 --- [restartedMain] kr.co.kmarket2.Kmarket2Application       : Starting Kmarket2Application using Java 17.0.5 on DESK1 with PID 10276 (C:\Users\user\Desktop\Workspace1\Kmarket2\Kmarket2\target\classes started by user in C:\Users\user\Desktop\Workspace1\Kmarket2\Kmarket2)
2023-02-13 01:48:26.263  INFO 10276 --- [restartedMain] kr.co.kmarket2.Kmarket2Application       : No active profile set, falling back to 1 default profile: "default"
2023-02-13 01:48:26.377  INFO 10276 --- [restartedMain] .e.DevToolsPropertyDefaultsPostProcessor : Devtools property defaults active! Set 'spring.devtools.add-properties' to 'false' to disable
2023-02-13 01:48:26.377  INFO 10276 --- [restartedMain] .e.DevToolsPropertyDefaultsPostProcessor : For additional web related logging consider setting the 'logging.level.web' property to 'DEBUG'
2023-02-13 01:48:27.270  INFO 10276 --- [restartedMain] .s.d.r.c.RepositoryConfigurationDelegate : Bootstrapping Spring Data JPA repositories in DEFAULT mode.
2023-02-13 01:48:27.298  INFO 10276 --- [restartedMain] .s.d.r.c.RepositoryConfigurationDelegate : Finished Spring Data repository scanning in 12 ms. Found 0 JPA repository interfaces.
2023-02-13 01:48:27.500  WARN 10276 --- [restartedMain] o.m.s.mapper.ClassPathMapperScanner      : No MyBatis mapper was found in '[kr.co.kmarket2]' package. Please check your configuration.
2023-02-13 01:48:28.110  INFO 10276 --- [restartedMain] o.s.b.w.embedded.tomcat.TomcatWebServer  : Tomcat initialized with port(s): 8181 (http)
2023-02-13 01:48:28.124  INFO 10276 --- [restartedMain] o.apache.catalina.core.StandardService   : Starting service [Tomcat]
2023-02-13 01:48:28.125  INFO 10276 --- [restartedMain] org.apache.catalina.core.StandardEngine  : Starting Servlet engine: [Apache Tomcat/9.0.71]
2023-02-13 01:48:28.254  INFO 10276 --- [restartedMain] o.a.c.c.C.[.[localhost].[/Kmarket2]      : Initializing Spring embedded WebApplicationContext
2023-02-13 01:48:28.255  INFO 10276 --- [restartedMain] w.s.c.ServletWebServerApplicationContext : Root WebApplicationContext: initialization completed in 1877 ms
2023-02-13 01:48:28.500  INFO 10276 --- [restartedMain] o.hibernate.jpa.internal.util.LogHelper  : HHH000204: Processing PersistenceUnitInfo [name: default]
2023-02-13 01:48:28.581  INFO 10276 --- [restartedMain] org.hibernate.Version                    : HHH000412: Hibernate ORM core version 5.6.14.Final
2023-02-13 01:48:28.827  INFO 10276 --- [restartedMain] o.hibernate.annotations.common.Version   : HCANN000001: Hibernate Commons Annotations {5.1.2.Final}
2023-02-13 01:48:28.960  INFO 10276 --- [restartedMain] com.zaxxer.hikari.HikariDataSource       : HikariPool-1 - Starting...
2023-02-13 01:48:29.451  INFO 10276 --- [restartedMain] com.zaxxer.hikari.HikariDataSource       : HikariPool-1 - Start completed.
2023-02-13 01:48:29.487  INFO 10276 --- [restartedMain] org.hibernate.dialect.Dialect            : HHH000400: Using dialect: org.hibernate.dialect.MySQL5InnoDBDialect
2023-02-13 01:48:30.951  INFO 10276 --- [restartedMain] o.h.e.t.j.p.i.JtaPlatformInitiator       : HHH000490: Using JtaPlatform implementation: [org.hibernate.engine.transaction.jta.platform.internal.NoJtaPlatform]
2023-02-13 01:48:30.958  INFO 10276 --- [restartedMain] j.LocalContainerEntityManagerFactoryBean : Initialized JPA EntityManagerFactory for persistence unit 'default'
2023-02-13 01:48:31.024  WARN 10276 --- [restartedMain] JpaBaseConfiguration$JpaWebConfiguration : spring.jpa.open-in-view is enabled by default. Therefore, database queries may be performed during view rendering. Explicitly configure spring.jpa.open-in-view to disable this warning
2023-02-13 01:48:31.360  INFO 10276 --- [restartedMain] o.s.b.a.w.s.WelcomePageHandlerMapping    : Adding welcome page template: index
2023-02-13 01:48:31.901  WARN 10276 --- [restartedMain] .s.s.UserDetailsServiceAutoConfiguration : 

Using generated security password: 32e8f004-5602-4d3b-8e69-b0c79d9bc08e

This generated password is for development use only. Your security configuration must be updated before running your application in production.

2023-02-13 01:48:32.696  INFO 10276 --- [restartedMain] o.s.s.web.DefaultSecurityFilterChain     : Will secure any request with [org.springframework.security.web.session.DisableEncodeUrlFilter@22c43a10, org.springframework.security.web.context.request.async.WebAsyncManagerIntegrationFilter@7e708834, org.springframework.security.web.context.SecurityContextPersistenceFilter@4c59445d, org.springframework.security.web.header.HeaderWriterFilter@78bf3f16, org.springframework.security.web.csrf.CsrfFilter@4d096ed6, org.springframework.security.web.authentication.logout.LogoutFilter@7ba40548, org.springframework.security.web.authentication.UsernamePasswordAuthenticationFilter@153f8243, org.springframework.security.web.authentication.ui.DefaultLoginPageGeneratingFilter@f9e6cdc, org.springframework.security.web.authentication.ui.DefaultLogoutPageGeneratingFilter@3d415670, org.springframework.security.web.authentication.www.BasicAuthenticationFilter@16994e22, org.springframework.security.web.savedrequest.RequestCacheAwareFilter@4747d8a5, org.springframework.security.web.servletapi.SecurityContextHolderAwareRequestFilter@a44e28c, org.springframework.security.web.authentication.AnonymousAuthenticationFilter@6192f4fe, org.springframework.security.web.session.SessionManagementFilter@6482adfd, org.springframework.security.web.access.ExceptionTranslationFilter@41fabda4, org.springframework.security.web.access.intercept.FilterSecurityInterceptor@35fcd1fb]
2023-02-13 01:48:33.850  INFO 10276 --- [restartedMain] o.s.b.d.a.OptionalLiveReloadServer       : LiveReload server is running on port 35729
2023-02-13 01:48:33.903  INFO 10276 --- [restartedMain] o.s.b.w.embedded.tomcat.TomcatWebServer  : Tomcat started on port(s): 8181 (http) with context path '/Kmarket2'
2023-02-13 01:48:33.914  INFO 10276 --- [restartedMain] kr.co.kmarket2.Kmarket2Application       : Started Kmarket2Application in 8.036 seconds (JVM running for 8.855)
2023-02-13 01:48:34.016  INFO 10276 --- [http-nio-8181-exec-2] o.a.c.c.C.[.[localhost].[/Kmarket2]      : Initializing Spring DispatcherServlet 'dispatcherServlet'
2023-02-13 01:48:34.017  INFO 10276 --- [http-nio-8181-exec-2] o.s.web.servlet.DispatcherServlet        : Initializing Servlet 'dispatcherServlet'
2023-02-13 01:48:34.018  INFO 10276 --- [http-nio-8181-exec-2] o.s.web.servlet.DispatcherServlet        : Completed initialization in 1 ms
2023-02-13 01:49:32.786  INFO 10276 --- [RMI TCP Connection(6)-127.0.0.1] inMXBeanRegistrar$SpringApplicationAdmin : Application shutdown requested.
2023-02-13 01:49:32.797  INFO 10276 --- [RMI TCP Connection(6)-127.0.0.1] o.apache.catalina.core.StandardService   : Stopping service [Tomcat]
2023-02-13 01:49:32.798  INFO 10276 --- [RMI TCP Connection(6)-127.0.0.1] o.a.c.c.C.[.[localhost].[/Kmarket2]      : Destroying Spring FrameworkServlet 'dispatcherServlet'
2023-02-13 01:49:32.812  INFO 10276 --- [RMI TCP Connection(6)-127.0.0.1] j.LocalContainerEntityManagerFactoryBean : Closing JPA EntityManagerFactory for persistence unit 'default'
2023-02-13 01:49:32.814  INFO 10276 --- [RMI TCP Connection(6)-127.0.0.1] com.zaxxer.hikari.HikariDataSource       : HikariPool-1 - Shutdown initiated...
2023-02-13 01:49:32.819  INFO 10276 --- [RMI TCP Connection(6)-127.0.0.1] com.zaxxer.hikari.HikariDataSource       : HikariPool-1 - Shutdown completed.

2023-02-13 14:01:28.700  INFO 4836 --- [restartedMain] kr.co.kmarket2.Kmarket2Application       : Starting Kmarket2Application using Java 17.0.5 on DESKTOP-QOTDKI5 with PID 4836 (C:\Users\java1\Desktop\WorkSapce1\Kmarket2\Kmarket2\target\classes started by java1 in C:\Users\java1\Desktop\WorkSapce1\Kmarket2\Kmarket2)
2023-02-13 14:01:28.701  INFO 4836 --- [restartedMain] kr.co.kmarket2.Kmarket2Application       : No active profile set, falling back to 1 default profile: "default"
2023-02-13 14:01:28.745  INFO 4836 --- [restartedMain] .e.DevToolsPropertyDefaultsPostProcessor : Devtools property defaults active! Set 'spring.devtools.add-properties' to 'false' to disable
2023-02-13 14:01:28.746  INFO 4836 --- [restartedMain] .e.DevToolsPropertyDefaultsPostProcessor : For additional web related logging consider setting the 'logging.level.web' property to 'DEBUG'
2023-02-13 14:01:29.261  INFO 4836 --- [restartedMain] .s.d.r.c.RepositoryConfigurationDelegate : Bootstrapping Spring Data JPA repositories in DEFAULT mode.
2023-02-13 14:01:29.277  INFO 4836 --- [restartedMain] .s.d.r.c.RepositoryConfigurationDelegate : Finished Spring Data repository scanning in 7 ms. Found 0 JPA repository interfaces.
2023-02-13 14:01:29.798  INFO 4836 --- [restartedMain] o.s.b.w.embedded.tomcat.TomcatWebServer  : Tomcat initialized with port(s): 8181 (http)
2023-02-13 14:01:29.807  INFO 4836 --- [restartedMain] o.apache.catalina.core.StandardService   : Starting service [Tomcat]
2023-02-13 14:01:29.807  INFO 4836 --- [restartedMain] org.apache.catalina.core.StandardEngine  : Starting Servlet engine: [Apache Tomcat/9.0.71]
2023-02-13 14:01:29.883  INFO 4836 --- [restartedMain] o.a.c.c.C.[.[localhost].[/Kmarket2]      : Initializing Spring embedded WebApplicationContext
2023-02-13 14:01:29.884  INFO 4836 --- [restartedMain] w.s.c.ServletWebServerApplicationContext : Root WebApplicationContext: initialization completed in 1138 ms
2023-02-13 14:01:30.080  INFO 4836 --- [restartedMain] o.hibernate.jpa.internal.util.LogHelper  : HHH000204: Processing PersistenceUnitInfo [name: default]
2023-02-13 14:01:30.125  INFO 4836 --- [restartedMain] org.hibernate.Version                    : HHH000412: Hibernate ORM core version 5.6.14.Final
2023-02-13 14:01:30.266  INFO 4836 --- [restartedMain] o.hibernate.annotations.common.Version   : HCANN000001: Hibernate Commons Annotations {5.1.2.Final}
2023-02-13 14:01:30.355  INFO 4836 --- [restartedMain] com.zaxxer.hikari.HikariDataSource       : HikariPool-1 - Starting...
2023-02-13 14:01:30.575  INFO 4836 --- [restartedMain] com.zaxxer.hikari.HikariDataSource       : HikariPool-1 - Start completed.
2023-02-13 14:01:30.588  INFO 4836 --- [restartedMain] org.hibernate.dialect.Dialect            : HHH000400: Using dialect: org.hibernate.dialect.MySQL5InnoDBDialect
2023-02-13 14:01:31.233  INFO 4836 --- [restartedMain] o.h.e.t.j.p.i.JtaPlatformInitiator       : HHH000490: Using JtaPlatform implementation: [org.hibernate.engine.transaction.jta.platform.internal.NoJtaPlatform]
2023-02-13 14:01:31.241  INFO 4836 --- [restartedMain] j.LocalContainerEntityManagerFactoryBean : Initialized JPA EntityManagerFactory for persistence unit 'default'
2023-02-13 14:01:31.491  WARN 4836 --- [restartedMain] JpaBaseConfiguration$JpaWebConfiguration : spring.jpa.open-in-view is enabled by default. Therefore, database queries may be performed during view rendering. Explicitly configure spring.jpa.open-in-view to disable this warning
2023-02-13 14:01:31.612  INFO 4836 --- [restartedMain] o.s.b.a.w.s.WelcomePageHandlerMapping    : Adding welcome page template: index
2023-02-13 14:01:31.774  WARN 4836 --- [restartedMain] .s.s.UserDetailsServiceAutoConfiguration : 

Using generated security password: a3ddaeef-f4d6-4a3b-a422-ebae4d358ebc

This generated password is for development use only. Your security configuration must be updated before running your application in production.

2023-02-13 14:01:31.883  INFO 4836 --- [restartedMain] o.s.s.web.DefaultSecurityFilterChain     : Will secure any request with [org.springframework.security.web.session.DisableEncodeUrlFilter@72e7c260, org.springframework.security.web.context.request.async.WebAsyncManagerIntegrationFilter@6fb8a917, org.springframework.security.web.context.SecurityContextPersistenceFilter@519db827, org.springframework.security.web.header.HeaderWriterFilter@774cb3a1, org.springframework.security.web.csrf.CsrfFilter@73865203, org.springframework.security.web.authentication.logout.LogoutFilter@642027cf, org.springframework.security.web.authentication.UsernamePasswordAuthenticationFilter@39e16f84, org.springframework.security.web.authentication.ui.DefaultLoginPageGeneratingFilter@6c96da37, org.springframework.security.web.authentication.ui.DefaultLogoutPageGeneratingFilter@7ac7804f, org.springframework.security.web.authentication.www.BasicAuthenticationFilter@6f7e579c, org.springframework.security.web.savedrequest.RequestCacheAwareFilter@458dfb64, org.springframework.security.web.servletapi.SecurityContextHolderAwareRequestFilter@d4295e5, org.springframework.security.web.authentication.AnonymousAuthenticationFilter@137f5f8c, org.springframework.security.web.session.SessionManagementFilter@4e636c5e, org.springframework.security.web.access.ExceptionTranslationFilter@4517369f, org.springframework.security.web.access.intercept.FilterSecurityInterceptor@3af3aa57]
2023-02-13 14:01:31.945  INFO 4836 --- [restartedMain] o.s.b.d.a.OptionalLiveReloadServer       : LiveReload server is running on port 35729
2023-02-13 14:01:31.980  INFO 4836 --- [restartedMain] o.s.b.w.embedded.tomcat.TomcatWebServer  : Tomcat started on port(s): 8181 (http) with context path '/Kmarket2'
2023-02-13 14:01:31.988  INFO 4836 --- [restartedMain] kr.co.kmarket2.Kmarket2Application       : Started Kmarket2Application in 3.623 seconds (JVM running for 4.334)
2023-02-13 14:01:33.980  INFO 4836 --- [http-nio-8181-exec-1] o.a.c.c.C.[.[localhost].[/Kmarket2]      : Initializing Spring DispatcherServlet 'dispatcherServlet'
2023-02-13 14:01:33.980  INFO 4836 --- [http-nio-8181-exec-1] o.s.web.servlet.DispatcherServlet        : Initializing Servlet 'dispatcherServlet'
2023-02-13 14:01:33.982  INFO 4836 --- [http-nio-8181-exec-1] o.s.web.servlet.DispatcherServlet        : Completed initialization in 2 ms
2023-02-13 14:01:53.598  INFO 4836 --- [RMI TCP Connection(2)-127.0.0.1] inMXBeanRegistrar$SpringApplicationAdmin : Application shutdown requested.
2023-02-13 14:01:53.606  INFO 4836 --- [RMI TCP Connection(2)-127.0.0.1] o.apache.catalina.core.StandardService   : Stopping service [Tomcat]
2023-02-13 14:01:53.607  INFO 4836 --- [RMI TCP Connection(2)-127.0.0.1] o.a.c.c.C.[.[localhost].[/Kmarket2]      : Destroying Spring FrameworkServlet 'dispatcherServlet'
2023-02-13 14:01:53.615  INFO 4836 --- [RMI TCP Connection(2)-127.0.0.1] j.LocalContainerEntityManagerFactoryBean : Closing JPA EntityManagerFactory for persistence unit 'default'
2023-02-13 14:01:53.617  INFO 4836 --- [RMI TCP Connection(2)-127.0.0.1] com.zaxxer.hikari.HikariDataSource       : HikariPool-1 - Shutdown initiated...
2023-02-13 14:01:53.623  INFO 4836 --- [RMI TCP Connection(2)-127.0.0.1] com.zaxxer.hikari.HikariDataSource       : HikariPool-1 - Shutdown completed.
